<?xml version="1.0" encoding="UTF-8"?>
<!-- Generated by org.testng.reporters.JUnitReportReporter -->
<testsuite hostname="DESKTOP-NEEICFS" failures="0" tests="1" name="deserilaization.Deserilaization_Test" time="1.656" errors="0" timestamp="2021-06-05T11:41:50 IST" skipped="0">
  <testcase classname="deserilaization.Deserilaization_Test" name="deseriliazeResponseValidateFileds" time="1.656"/>
  <system-out/>
</testsuite> <!-- deserilaization.Deserilaization_Test -->
