<?xml version="1.0" encoding="UTF-8"?>
<!-- Generated by org.testng.reporters.JUnitReportReporter -->
<testsuite hostname="DESKTOP-NEEICFS" failures="0" tests="1" name="deserilaization.Deserilaization_Test_Model_Class" time="4.461" errors="0" timestamp="2021-06-05T16:10:15 IST" skipped="0">
  <testcase classname="deserilaization.Deserilaization_Test_Model_Class" name="deseriliazeResponseValidateFileds" time="4.461"/>
  <system-out/>
</testsuite> <!-- deserilaization.Deserilaization_Test_Model_Class -->
