<?xml version="1.0" encoding="UTF-8"?>
<!-- Generated by org.testng.reporters.JUnitReportReporter -->
<testsuite hostname="DESKTOP-NEEICFS" failures="0" tests="1" name="verfiy_api_responses.PostRequest" time="4.504" errors="0" timestamp="2021-06-05T12:36:25 IST" skipped="0">
  <testcase classname="verfiy_api_responses.PostRequest" name="checkResponseCode_expect200" time="4.504"/>
  <system-out/>
</testsuite> <!-- verfiy_api_responses.PostRequest -->
